send = <?xml version="1.0" encoding="UTF-8"?><SMS>
<operations>
<operation>SEND</operation>
</operations>
<authentification>
<username>lamzin80@mail.ru</username>
<password>c1l36</password>
</authentification>
<message type="4">
<sender>GazelMe</sender>
<text><![CDATA[Ваш код подтверждения на Gazel.Me %1%]]></text>
</message>
<numbers>
<number variables="5144;">+79187353657</number>
</numbers>        
</SMS> , 

result = <?xml version="1.0" encoding="UTF-8"?>
<RESPONSE>
<status>1</status>
<credits>0.6267</credits>
<amount>0.94</amount>
<currency>RUR</currency>
</RESPONSE>


===================

